<?xml version="1.0" encoding="UTF-8"?>
<testng-results skipped="0" failed="0" ignored="0" total="2" passed="2">
  <reporter-output>
  </reporter-output>
  <suite name="search-module" duration-ms="25931" started-at="2020-09-15T12:05:11 GMT" finished-at="2020-09-15T12:05:37 GMT">
    <groups>
    </groups>
    <test name="search-test-java" duration-ms="13450" started-at="2020-09-15T12:05:11 GMT" finished-at="2020-09-15T12:05:24 GMT">
      <class name="com.samsoft.search.module.test.SearchTest">
        <test-method status="PASS" signature="setupDriver(org.testng.ITestContext)[pri:0, instance:com.samsoft.search.module.test.SearchTest@51081592]" name="setupDriver" is-config="true" duration-ms="5692" started-at="2020-09-15T12:05:11 GMT" finished-at="2020-09-15T12:05:16 GMT">
          <params>
            <param index="0">
              <value>
                <![CDATA[org.testng.TestRunner@1c852c0f]]>
              </value>
            </param>
          </params>
          <reporter-output>
          </reporter-output>
        </test-method> <!-- setupDriver -->
        <test-method status="PASS" signature="search(java.lang.String)[pri:0, instance:com.samsoft.search.module.test.SearchTest@51081592]" name="search" duration-ms="7355" started-at="2020-09-15T12:05:16 GMT" finished-at="2020-09-15T12:05:24 GMT">
          <params>
            <param index="0">
              <value>
                <![CDATA[java]]>
              </value>
            </param>
          </params>
          <reporter-output>
          </reporter-output>
        </test-method> <!-- search -->
        <test-method status="PASS" signature="quitDriver()[pri:0, instance:com.samsoft.search.module.test.SearchTest@51081592]" name="quitDriver" is-config="true" duration-ms="351" started-at="2020-09-15T12:05:24 GMT" finished-at="2020-09-15T12:05:24 GMT">
          <reporter-output>
          </reporter-output>
        </test-method> <!-- quitDriver -->
      </class> <!-- com.samsoft.search.module.test.SearchTest -->
    </test> <!-- search-test-java -->
    <test name="search-test-qa" duration-ms="11011" started-at="2020-09-15T12:05:26 GMT" finished-at="2020-09-15T12:05:37 GMT">
      <class name="com.samsoft.search.module.test.SearchTest">
        <test-method status="PASS" signature="setupDriver(org.testng.ITestContext)[pri:0, instance:com.samsoft.search.module.test.SearchTest@2b98378d]" name="setupDriver" is-config="true" duration-ms="4048" started-at="2020-09-15T12:05:26 GMT" finished-at="2020-09-15T12:05:30 GMT">
          <params>
            <param index="0">
              <value>
                <![CDATA[org.testng.TestRunner@a37aefe]]>
              </value>
            </param>
          </params>
          <reporter-output>
          </reporter-output>
        </test-method> <!-- setupDriver -->
        <test-method status="PASS" signature="search(java.lang.String)[pri:0, instance:com.samsoft.search.module.test.SearchTest@2b98378d]" name="search" duration-ms="6603" started-at="2020-09-15T12:05:30 GMT" finished-at="2020-09-15T12:05:36 GMT">
          <params>
            <param index="0">
              <value>
                <![CDATA[qa]]>
              </value>
            </param>
          </params>
          <reporter-output>
          </reporter-output>
        </test-method> <!-- search -->
        <test-method status="PASS" signature="quitDriver()[pri:0, instance:com.samsoft.search.module.test.SearchTest@2b98378d]" name="quitDriver" is-config="true" duration-ms="360" started-at="2020-09-15T12:05:36 GMT" finished-at="2020-09-15T12:05:37 GMT">
          <reporter-output>
          </reporter-output>
        </test-method> <!-- quitDriver -->
      </class> <!-- com.samsoft.search.module.test.SearchTest -->
    </test> <!-- search-test-qa -->
  </suite> <!-- search-module -->
</testng-results>
